<?xml version="1.0" encoding="UTF-8"?>
<!-- Generated by org.testng.reporters.JUnitReportReporter -->
<testsuite skipped="0" hostname="DESKTOP-2ED4479" name="Com.API.GetTest.GetAPITest" tests="1" failures="0" timestamp="01 Jan 2019 06:19:56 GMT" time="2.307" errors="0">
  <testcase name="Getvalidation" time="2.307" classname="Com.API.GetTest.GetAPITest"/>
</testsuite> <!-- Com.API.GetTest.GetAPITest -->
